<?xml version="1.0" encoding="UTF-8"?>
<testng-results skipped="0" failed="1" total="5" passed="4">
  <reporter-output>
  </reporter-output>
  <suite name="Command line suite" duration-ms="222498" started-at="2016-12-08T04:27:32Z" finished-at="2016-12-08T04:31:14Z">
    <groups>
    </groups>
    <test name="Command line test" duration-ms="222498" started-at="2016-12-08T04:27:32Z" finished-at="2016-12-08T04:31:14Z">
      <class name="com.noggin.OCA1Atumation.AWebDriverOCAFirstModalTest">
        <test-method status="PASS" signature="setup()[pri:0, instance:com.noggin.OCA1Atumation.AWebDriverOCAFirstModalTest@3cbbc1e0]" name="setup" is-config="true" duration-ms="9580" started-at="2016-12-08T15:28:14Z" finished-at="2016-12-08T15:28:23Z">
          <reporter-output>
          </reporter-output>
        </test-method> <!-- setup -->
        <test-method status="PASS" signature="hellOCA()[pri:0, instance:com.noggin.OCA1Atumation.AWebDriverOCAFirstModalTest@3cbbc1e0]" name="hellOCA" duration-ms="16758" started-at="2016-12-08T15:28:23Z" finished-at="2016-12-08T15:28:40Z">
          <reporter-output>
          </reporter-output>
        </test-method> <!-- hellOCA -->
        <test-method status="PASS" signature="close()[pri:0, instance:com.noggin.OCA1Atumation.AWebDriverOCAFirstModalTest@3cbbc1e0]" name="close" is-config="true" duration-ms="769" started-at="2016-12-08T15:28:40Z" finished-at="2016-12-08T15:28:41Z">
          <reporter-output>
          </reporter-output>
        </test-method> <!-- close -->
      </class> <!-- com.noggin.OCA1Atumation.AWebDriverOCAFirstModalTest -->
      <class name="com.noggin.OCA1Atumation.WebDriverOCACreateEventTest">
        <test-method status="PASS" signature="setup()[pri:0, instance:com.noggin.OCA1Atumation.WebDriverOCACreateEventTest@6df97b55]" name="setup" is-config="true" duration-ms="4634" started-at="2016-12-08T15:29:48Z" finished-at="2016-12-08T15:29:53Z">
          <reporter-output>
          </reporter-output>
        </test-method> <!-- setup -->
        <test-method status="FAIL" signature="CreateEventTest()[pri:0, instance:com.noggin.OCA1Atumation.WebDriverOCACreateEventTest@6df97b55]" name="CreateEventTest" duration-ms="80282" started-at="2016-12-08T15:29:53Z" finished-at="2016-12-08T15:31:13Z">
          <exception class="org.openqa.selenium.TimeoutException">
            <message>
              <![CDATA[Expected condition failed: waiting for presence of element located by: By.xpath: //*[@id='wgt-summary-31']//*[text()='New'] (tried for 10 second(s) with 500 MILLISECONDS interval)
Build info: version: '3.0.1', revision: '1969d75', time: '2016-10-18 09:49:13 -0700'
System info: host: 'AVALANCHE', ip: '10.200.25.138', os.name: 'Windows 7', os.arch: 'amd64', os.version: '6.1', java.version: '1.8.0_111'
Driver info: org.openqa.selenium.chrome.ChromeDriver
Capabilities [{applicationCacheEnabled=false, rotatable=false, mobileEmulationEnabled=false, networkConnectionEnabled=false, chrome={chromedriverVersion=2.25.426923 (0390b88869384d6eb0d5d09729679f934aab9eed), userDataDir=C:\Users\ssubhan\AppData\Local\Temp\scoped_dir14016_9290}, takesHeapSnapshot=true, pageLoadStrategy=normal, databaseEnabled=false, handlesAlerts=true, hasTouchScreen=false, version=54.0.2840.87, platform=XP, browserConnectionEnabled=false, nativeEvents=true, acceptSslCerts=true, locationContextEnabled=true, webStorageEnabled=true, browserName=chrome, takesScreenshot=true, javascriptEnabled=true, cssSelectorsEnabled=true}]
Session ID: 1e79bd29d15e10b179bf87a6043a51b6]]>
            </message>
            <full-stacktrace>
              <![CDATA[org.openqa.selenium.TimeoutException: Expected condition failed: waiting for presence of element located by: By.xpath: //*[@id='wgt-summary-31']//*[text()='New'] (tried for 10 second(s) with 500 MILLISECONDS interval)
Build info: version: '3.0.1', revision: '1969d75', time: '2016-10-18 09:49:13 -0700'
System info: host: 'AVALANCHE', ip: '10.200.25.138', os.name: 'Windows 7', os.arch: 'amd64', os.version: '6.1', java.version: '1.8.0_111'
Driver info: org.openqa.selenium.chrome.ChromeDriver
Capabilities [{applicationCacheEnabled=false, rotatable=false, mobileEmulationEnabled=false, networkConnectionEnabled=false, chrome={chromedriverVersion=2.25.426923 (0390b88869384d6eb0d5d09729679f934aab9eed), userDataDir=C:\Users\ssubhan\AppData\Local\Temp\scoped_dir14016_9290}, takesHeapSnapshot=true, pageLoadStrategy=normal, databaseEnabled=false, handlesAlerts=true, hasTouchScreen=false, version=54.0.2840.87, platform=XP, browserConnectionEnabled=false, nativeEvents=true, acceptSslCerts=true, locationContextEnabled=true, webStorageEnabled=true, browserName=chrome, takesScreenshot=true, javascriptEnabled=true, cssSelectorsEnabled=true}]
Session ID: 1e79bd29d15e10b179bf87a6043a51b6
	at org.openqa.selenium.support.ui.WebDriverWait.timeoutException(WebDriverWait.java:80)
	at org.openqa.selenium.support.ui.FluentWait.until(FluentWait.java:265)
	at com.noggin.OCA1Atumation.WebDriverOCACreateEventTest.CreateEventTest(WebDriverOCACreateEventTest.java:427)
	at sun.reflect.NativeMethodAccessorImpl.invoke0(Native Method)
	at sun.reflect.NativeMethodAccessorImpl.invoke(NativeMethodAccessorImpl.java:62)
	at sun.reflect.DelegatingMethodAccessorImpl.invoke(DelegatingMethodAccessorImpl.java:43)
	at java.lang.reflect.Method.invoke(Method.java:498)
	at org.testng.internal.MethodInvocationHelper.invokeMethod(MethodInvocationHelper.java:84)
	at org.testng.internal.Invoker.invokeMethod(Invoker.java:714)
	at org.testng.internal.Invoker.invokeTestMethod(Invoker.java:901)
	at org.testng.internal.Invoker.invokeTestMethods(Invoker.java:1231)
	at org.testng.internal.TestMethodWorker.invokeTestMethods(TestMethodWorker.java:127)
	at org.testng.internal.TestMethodWorker.run(TestMethodWorker.java:111)
	at org.testng.TestRunner.privateRun(TestRunner.java:767)
	at org.testng.TestRunner.run(TestRunner.java:617)
	at org.testng.SuiteRunner.runTest(SuiteRunner.java:348)
	at org.testng.SuiteRunner.runSequentially(SuiteRunner.java:343)
	at org.testng.SuiteRunner.privateRun(SuiteRunner.java:305)
	at org.testng.SuiteRunner.run(SuiteRunner.java:254)
	at org.testng.SuiteRunnerWorker.runSuite(SuiteRunnerWorker.java:52)
	at org.testng.SuiteRunnerWorker.run(SuiteRunnerWorker.java:86)
	at org.testng.TestNG.runSuitesSequentially(TestNG.java:1224)
	at org.testng.TestNG.runSuitesLocally(TestNG.java:1149)
	at org.testng.TestNG.run(TestNG.java:1057)
	at org.apache.maven.surefire.testng.TestNGExecutor.run(TestNGExecutor.java:77)
	at org.apache.maven.surefire.testng.TestNGDirectoryTestSuite.executeMulti(TestNGDirectoryTestSuite.java:159)
	at org.apache.maven.surefire.testng.TestNGDirectoryTestSuite.execute(TestNGDirectoryTestSuite.java:99)
	at org.apache.maven.surefire.testng.TestNGProvider.invoke(TestNGProvider.java:106)
	at sun.reflect.NativeMethodAccessorImpl.invoke0(Native Method)
	at sun.reflect.NativeMethodAccessorImpl.invoke(NativeMethodAccessorImpl.java:62)
	at sun.reflect.DelegatingMethodAccessorImpl.invoke(DelegatingMethodAccessorImpl.java:43)
	at java.lang.reflect.Method.invoke(Method.java:498)
	at org.apache.maven.surefire.util.ReflectionUtils.invokeMethodWithArray(ReflectionUtils.java:189)
	at org.apache.maven.surefire.booter.ProviderFactory$ProviderProxy.invoke(ProviderFactory.java:165)
	at org.apache.maven.surefire.booter.ProviderFactory.invokeProvider(ProviderFactory.java:85)
	at org.apache.maven.surefire.booter.ForkedBooter.runSuitesInProcess(ForkedBooter.java:115)
	at org.apache.maven.surefire.booter.ForkedBooter.main(ForkedBooter.java:75)
Caused by: org.openqa.selenium.NoSuchElementException: no such element: Unable to locate element: {"method":"xpath","selector":"//*[@id='wgt-summary-31']//*[text()='New']"}
  (Session info: chrome=54.0.2840.87)
  (Driver info: chromedriver=2.25.426923 (0390b88869384d6eb0d5d09729679f934aab9eed),platform=Windows NT 6.1.7601 SP1 x86_64) (WARNING: The server did not provide any stacktrace information)
Command duration or timeout: 20.04 seconds
For documentation on this error, please visit: http://seleniumhq.org/exceptions/no_such_element.html
Build info: version: '3.0.1', revision: '1969d75', time: '2016-10-18 09:49:13 -0700'
System info: host: 'AVALANCHE', ip: '10.200.25.138', os.name: 'Windows 7', os.arch: 'amd64', os.version: '6.1', java.version: '1.8.0_111'
Driver info: org.openqa.selenium.chrome.ChromeDriver
Capabilities [{applicationCacheEnabled=false, rotatable=false, mobileEmulationEnabled=false, networkConnectionEnabled=false, chrome={chromedriverVersion=2.25.426923 (0390b88869384d6eb0d5d09729679f934aab9eed), userDataDir=C:\Users\ssubhan\AppData\Local\Temp\scoped_dir14016_9290}, takesHeapSnapshot=true, pageLoadStrategy=normal, databaseEnabled=false, handlesAlerts=true, hasTouchScreen=false, version=54.0.2840.87, platform=XP, browserConnectionEnabled=false, nativeEvents=true, acceptSslCerts=true, locationContextEnabled=true, webStorageEnabled=true, browserName=chrome, takesScreenshot=true, javascriptEnabled=true, cssSelectorsEnabled=true}]
Session ID: 1e79bd29d15e10b179bf87a6043a51b6
*** Element info: {Using=xpath, value=//*[@id='wgt-summary-31']//*[text()='New']}
	at sun.reflect.NativeConstructorAccessorImpl.newInstance0(Native Method)
	at sun.reflect.NativeConstructorAccessorImpl.newInstance(NativeConstructorAccessorImpl.java:62)
	at sun.reflect.DelegatingConstructorAccessorImpl.newInstance(DelegatingConstructorAccessorImpl.java:45)
	at java.lang.reflect.Constructor.newInstance(Constructor.java:423)
	at org.openqa.selenium.remote.ErrorHandler.createThrowable(ErrorHandler.java:216)
	at org.openqa.selenium.remote.ErrorHandler.throwIfResponseFailed(ErrorHandler.java:168)
	at org.openqa.selenium.remote.RemoteWebDriver.execute(RemoteWebDriver.java:635)
	at org.openqa.selenium.remote.RemoteWebDriver.findElement(RemoteWebDriver.java:368)
	at org.openqa.selenium.remote.RemoteWebDriver.findElementByXPath(RemoteWebDriver.java:473)
	at org.openqa.selenium.By$ByXPath.findElement(By.java:361)
	at org.openqa.selenium.remote.RemoteWebDriver.findElement(RemoteWebDriver.java:360)
	at org.openqa.selenium.support.ui.ExpectedConditions.findElement(ExpectedConditions.java:895)
	at org.openqa.selenium.support.ui.ExpectedConditions.access$000(ExpectedConditions.java:41)
	at org.openqa.selenium.support.ui.ExpectedConditions$6.apply(ExpectedConditions.java:181)
	at org.openqa.selenium.support.ui.ExpectedConditions$6.apply(ExpectedConditions.java:178)
	at org.openqa.selenium.support.ui.FluentWait.until(FluentWait.java:238)
	... 35 more
]]>
            </full-stacktrace>
          </exception> <!-- org.openqa.selenium.TimeoutException -->
          <reporter-output>
          </reporter-output>
        </test-method> <!-- CreateEventTest -->
        <test-method status="PASS" signature="close()[pri:0, instance:com.noggin.OCA1Atumation.WebDriverOCACreateEventTest@6df97b55]" name="close" is-config="true" duration-ms="847" started-at="2016-12-08T15:31:13Z" finished-at="2016-12-08T15:31:14Z">
          <reporter-output>
          </reporter-output>
        </test-method> <!-- close -->
      </class> <!-- com.noggin.OCA1Atumation.WebDriverOCACreateEventTest -->
      <class name="com.noggin.OCA1Atumation.AWebDriverOCACreateAssetwithLibraryTest">
        <test-method status="PASS" signature="setup()[pri:0, instance:com.noggin.OCA1Atumation.AWebDriverOCACreateAssetwithLibraryTest@68837a77]" name="setup" is-config="true" duration-ms="11349" started-at="2016-12-08T15:27:32Z" finished-at="2016-12-08T15:27:43Z">
          <reporter-output>
          </reporter-output>
        </test-method> <!-- setup -->
        <test-method status="PASS" signature="hellOCA()[pri:0, instance:com.noggin.OCA1Atumation.AWebDriverOCACreateAssetwithLibraryTest@68837a77]" name="hellOCA" duration-ms="29882" started-at="2016-12-08T15:27:43Z" finished-at="2016-12-08T15:28:13Z">
          <reporter-output>
          </reporter-output>
        </test-method> <!-- hellOCA -->
        <test-method status="PASS" signature="close()[pri:0, instance:com.noggin.OCA1Atumation.AWebDriverOCACreateAssetwithLibraryTest@68837a77]" name="close" is-config="true" duration-ms="871" started-at="2016-12-08T15:28:13Z" finished-at="2016-12-08T15:28:14Z">
          <reporter-output>
          </reporter-output>
        </test-method> <!-- close -->
      </class> <!-- com.noggin.OCA1Atumation.AWebDriverOCACreateAssetwithLibraryTest -->
      <class name="com.noggin.OCA1Atumation.AWebDriverOCAFirstTest">
        <test-method status="PASS" signature="setup()[pri:0, instance:com.noggin.OCA1Atumation.AWebDriverOCAFirstTest@34b7bfc0]" name="setup" is-config="true" duration-ms="9608" started-at="2016-12-08T15:28:41Z" finished-at="2016-12-08T15:28:50Z">
          <reporter-output>
          </reporter-output>
        </test-method> <!-- setup -->
        <test-method status="PASS" signature="hellOCA()[pri:0, instance:com.noggin.OCA1Atumation.AWebDriverOCAFirstTest@34b7bfc0]" name="hellOCA" duration-ms="12673" started-at="2016-12-08T15:28:50Z" finished-at="2016-12-08T15:29:03Z">
          <reporter-output>
          </reporter-output>
        </test-method> <!-- hellOCA -->
      </class> <!-- com.noggin.OCA1Atumation.AWebDriverOCAFirstTest -->
      <class name="com.noggin.OCA1Atumation.AWebDriverOCAFirstwithLibaryTest">
        <test-method status="PASS" signature="setup()[pri:0, instance:com.noggin.OCA1Atumation.AWebDriverOCAFirstwithLibaryTest@366e2eef]" name="setup" is-config="true" duration-ms="9607" started-at="2016-12-08T15:29:03Z" finished-at="2016-12-08T15:29:13Z">
          <reporter-output>
          </reporter-output>
        </test-method> <!-- setup -->
        <test-method status="PASS" signature="hellOCA()[pri:0, instance:com.noggin.OCA1Atumation.AWebDriverOCAFirstwithLibaryTest@366e2eef]" name="hellOCA" duration-ms="34777" started-at="2016-12-08T15:29:13Z" finished-at="2016-12-08T15:29:47Z">
          <reporter-output>
          </reporter-output>
        </test-method> <!-- hellOCA -->
        <test-method status="PASS" signature="close()[pri:0, instance:com.noggin.OCA1Atumation.AWebDriverOCAFirstwithLibaryTest@366e2eef]" name="close" is-config="true" duration-ms="839" started-at="2016-12-08T15:29:47Z" finished-at="2016-12-08T15:29:48Z">
          <reporter-output>
          </reporter-output>
        </test-method> <!-- close -->
      </class> <!-- com.noggin.OCA1Atumation.AWebDriverOCAFirstwithLibaryTest -->
    </test> <!-- Command line test -->
  </suite> <!-- Command line suite -->
</testng-results>
